Removed Pin From Net: NetName=MCLR Pin=JP3-1
Removed Pin From Net: NetName=VCC Pin=JP3-2
Removed Pin From Net: NetName=GND Pin=JP3-3
Removed Pin From Net: NetName=DAT Pin=JP3-4
Removed Pin From Net: NetName=CLK Pin=JP3-5
Removed Member From Class: ClassName=SCH_LICH_VAN_NIEN Member=JP3
Added Component: Designator=H?(Header 6P DC 2.54)
Add component (AddParameter): Name = "Chung_Loai"; Value = "C?m"; VariantName = "[No Variations]"
Add component (AddParameter): Name = "Don_Vi"; Value = "Con"; VariantName = "[No Variations]"
Add component (AddParameter): Name = "Ghi_Chu"; Value = ""; VariantName = "[No Variations]"
Add component (AddParameter): Name = "Kieu_Chan"; Value = ""; VariantName = "[No Variations]"
Add component (AddParameter): Name = "Ma_Hang"; Value = "MH003363"; VariantName = "[No Variations]"
Add component (AddParameter): Name = "Ten_Linh_Kien"; Value = "Header 6P XH2.54-6P Ð?c Cong"; VariantName = "[No Variations]"
Added Pin To Net: NetName=MCLR Pin=H?-1
Added Pin To Net: NetName=VCC Pin=H?-2
Added Pin To Net: NetName=GND Pin=H?-3
Added Pin To Net: NetName=DAT Pin=H?-4
Added Pin To Net: NetName=CLK Pin=H?-5
Added Member To Class: ClassName=SCH_LICH_VAN_NIEN Member=Component H? Header 6P 2.54 Duc Cong
Added Room: Name=SCH_LICH_VAN_NIEN
