Removed Pin From Net: NetName=MCLR Pin=H1-1
Removed Pin From Net: NetName=5V Pin=H1-2
Removed Pin From Net: NetName=GND Pin=H1-3
Removed Pin From Net: NetName=DAT Pin=H1-4
Removed Pin From Net: NetName=CLK Pin=H1-5
Removed Member From Class: ClassName=SCH_LICH_VAN_NIEN Member=H1
Added Component: Designator=H?(XH2.54M-6)
Add component (AddParameter): Name = "Chung_Loai"; Value = "C?m"; VariantName = "[No Variations]"
Add component (AddParameter): Name = "Don_Vi"; Value = "Con"; VariantName = "[No Variations]"
Add component (AddParameter): Name = "Ghi_Chu"; Value = ""; VariantName = "[No Variations]"
Add component (AddParameter): Name = "Kieu_Chan"; Value = ""; VariantName = "[No Variations]"
Add component (AddParameter): Name = "Ma_Hang"; Value = "MH001972"; VariantName = "[No Variations]"
Add component (AddParameter): Name = "Ten_Linh_Kien"; Value = "Header 6P XH2.54-6P Ð?c Th?ng"; VariantName = "[No Variations]"
Added Pin To Net: NetName=MCLR Pin=H?-1
Added Pin To Net: NetName=5V Pin=H?-2
Added Pin To Net: NetName=GND Pin=H?-3
Added Pin To Net: NetName=DAT Pin=H?-4
Added Pin To Net: NetName=CLK Pin=H?-5
Added Member To Class: ClassName=SCH_LICH_VAN_NIEN Member=Component H? Header 6P 2.54 Duc Thang
Added Room: Name=SCH_LICH_VAN_NIEN
